2025-04-08 10:17:59,825 - INFO - [main] - Iniciando Mega-Sena V3 em 2025-04-08 10:17:59...
2025-04-08 10:17:59,825 - INFO - [load_config] - Recalculated num_features_statistical to 187 based on loaded rolling_freq_windows.
2025-04-08 10:17:59,826 - INFO - [load_config] - Configurações carregadas e mescladas de configv3.json
2025-04-08 10:17:59,826 - INFO - [load_config] - Total features calculated: 307
2025-04-08 10:17:59,827 - INFO - [validate_config] - Validando configuração V3...
2025-04-08 10:17:59,827 - INFO - [validate_config] - Configuração V3 validada com sucesso.
2025-04-08 10:17:59,827 - INFO - [main] - Etapa 1: Download/Preparação Dados...
2025-04-08 10:17:59,827 - INFO - [download_and_prepare_data] - Iniciando carregamento de dados...
2025-04-08 10:17:59,828 - INFO - [download_and_prepare_data] - Cache expirado, não encontrado ou inválido. Baixando dados...
2025-04-08 10:18:01,733 - INFO - [save_to_cache] - Dados salvos no cache: output\output/cache\464ff187a3793fb1e4665abcce455791.json
2025-04-08 10:18:01,733 - INFO - [download_and_prepare_data] - Dados baixados e salvos no cache com sucesso.
2025-04-08 10:18:01,757 - INFO - [download_and_prepare_data] - Dados ordenados por 'Concurso'.
2025-04-08 10:18:01,758 - INFO - [download_and_prepare_data] - Dados processados com sucesso da API/Cache (2849 sorteios).
2025-04-08 10:18:01,758 - INFO - [download_and_prepare_data] - Colunas encontradas: ['Bola1', 'Bola2', 'Bola3', 'Bola4', 'Bola5', 'Bola6']
2025-04-08 10:18:01,759 - INFO - [download_and_prepare_data] - Colunas das bolas verificadas e convertidas para inteiro.
2025-04-08 10:18:01,760 - INFO - [download_and_prepare_data] - Processamento final: 2849 sorteios carregados.
2025-04-08 10:18:01,765 - INFO - [main] - Etapa 2: Pré-processamento Labels...
2025-04-08 10:18:01,766 - INFO - [preprocess_data_labels] - Iniciando pré-processamento dos labels (MultiLabelBinarizer)...
2025-04-08 10:18:01,790 - INFO - [preprocess_data_labels] - Labels transformados: 2849 amostras, 60 features base.
2025-04-08 10:18:01,792 - INFO - [main] - Labels processados: 2849 sorteios válidos.
2025-04-08 10:18:01,792 - INFO - [main] - Etapa 3a: Cálculo Features Tempo...
2025-04-08 10:18:01,793 - INFO - [add_time_features] - Calculando features de tempo (sorteios desde última aparição)...
2025-04-08 10:18:01,827 - INFO - [add_time_features] - Features de tempo calculadas. Shape: (2849, 60)
2025-04-08 10:18:01,829 - INFO - [main] - Etapa 3b: Cálculo Features Estatísticas...
2025-04-08 10:18:01,829 - INFO - [add_statistical_features] - Calculando features estatísticas (Soma, Range, Zonas, Freq. [10, 50, 100])...
2025-04-08 10:18:01,835 - INFO - [add_statistical_features] - Calculando frequências rolantes...
2025-04-08 10:18:01,857 - INFO - [add_statistical_features] - Frequências rolantes calculadas.
2025-04-08 10:18:01,858 - INFO - [add_statistical_features] - Calculando estatísticas por sorteio (Par/Ímpar, Soma, Range, Zonas)...
2025-04-08 10:18:01,957 - INFO - [add_statistical_features] - Features estatísticas calculadas. Shape: (2849, 187)
2025-04-08 10:18:01,958 - INFO - [main] - Etapa 4: Divisão/Escalonamento/Sequenciamento...
2025-04-08 10:18:01,959 - INFO - [split_data] - Dividindo dados, escalando features (Tempo e Estatísticas separadamente)...
2025-04-08 10:18:01,959 - INFO - [split_data] - Índices Brutos - Treino: 2057, Val: 364, Teste: 428
2025-04-08 10:18:01,960 - INFO - [split_data] - Ajustando Scalers (StandardScaler) nas features do treino...
2025-04-08 10:18:01,967 - INFO - [split_data] - Escalando features de validação e teste...
2025-04-08 10:18:01,969 - INFO - [split_data] - Criando sequências para treino...
2025-04-08 10:18:01,995 - INFO - [split_data] - Criando sequências para validação...
2025-04-08 10:18:02,000 - INFO - [split_data] - Criando sequências para teste...
2025-04-08 10:18:02,009 - INFO - [split_data] - Tamanho final dos conjuntos de sequências:
2025-04-08 10:18:02,009 - INFO - [split_data] - - Treino: X=(2037, 20, 307), y=(2037, 60)
2025-04-08 10:18:02,009 - INFO - [split_data] - - Validação: X=(344, 20, 307), y=(344, 60)
2025-04-08 10:18:02,009 - INFO - [split_data] - - Teste: X=(408, 20, 307), y=(408, 60)
2025-04-08 10:18:02,010 - INFO - [main] - Etapa 5: Construção Modelo GRU...
2025-04-08 10:18:02,010 - INFO - [build_model] - Construindo modelo GRU: units=256, dropout=0.45, batch_norm=True
2025-04-08 10:18:02,257 - INFO - [main] - Etapa 6: Treinamento Modelo...
2025-04-08 10:18:02,258 - INFO - [train_model] - Iniciando o treinamento do modelo GRU...
2025-04-08 10:18:08,630 - INFO - [on_epoch_end] - Época 1/250 - Loss: 0.9001 - Acc: 0.5065 - AUC: 0.4976 - Val Loss: 0.6914 - Val Acc: 0.5368 - Val AUC: 0.5123 - LR: 0.000800
2025-04-08 10:18:10,609 - INFO - [on_epoch_end] - Época 2/250 - Loss: 0.8256 - Acc: 0.5241 - AUC: 0.5026 - Val Loss: 0.6611 - Val Acc: 0.6032 - Val AUC: 0.5106 - LR: 0.000800
2025-04-08 10:18:12,540 - INFO - [on_epoch_end] - Época 3/250 - Loss: 0.7566 - Acc: 0.5566 - AUC: 0.5156 - Val Loss: 0.6165 - Val Acc: 0.6933 - Val AUC: 0.5077 - LR: 0.000800
2025-04-08 10:18:14,350 - INFO - [on_epoch_end] - Época 4/250 - Loss: 0.6822 - Acc: 0.6072 - AUC: 0.5160 - Val Loss: 0.5541 - Val Acc: 0.7977 - Val AUC: 0.5067 - LR: 0.000800
2025-04-08 10:18:16,183 - INFO - [on_epoch_end] - Época 5/250 - Loss: 0.6010 - Acc: 0.6826 - AUC: 0.5165 - Val Loss: 0.4763 - Val Acc: 0.8777 - Val AUC: 0.5082 - LR: 0.000800
2025-04-08 10:18:18,114 - INFO - [on_epoch_end] - Época 6/250 - Loss: 0.5129 - Acc: 0.7689 - AUC: 0.5160 - Val Loss: 0.4075 - Val Acc: 0.8984 - Val AUC: 0.5071 - LR: 0.000800
2025-04-08 10:18:19,962 - INFO - [on_epoch_end] - Época 7/250 - Loss: 0.4415 - Acc: 0.8360 - AUC: 0.5152 - Val Loss: 0.3661 - Val Acc: 0.8997 - Val AUC: 0.5042 - LR: 0.000800
2025-04-08 10:18:21,788 - INFO - [on_epoch_end] - Época 8/250 - Loss: 0.3961 - Acc: 0.8714 - AUC: 0.5166 - Val Loss: 0.3430 - Val Acc: 0.9000 - Val AUC: 0.5047 - LR: 0.000800
2025-04-08 10:18:23,600 - INFO - [on_epoch_end] - Época 9/250 - Loss: 0.3714 - Acc: 0.8873 - AUC: 0.5203 - Val Loss: 0.3343 - Val Acc: 0.9000 - Val AUC: 0.5041 - LR: 0.000800
2025-04-08 10:18:25,418 - INFO - [on_epoch_end] - Época 10/250 - Loss: 0.3598 - Acc: 0.8927 - AUC: 0.5241 - Val Loss: 0.3312 - Val Acc: 0.9000 - Val AUC: 0.5047 - LR: 0.000800
2025-04-08 10:18:27,227 - INFO - [on_epoch_end] - Época 11/250 - Loss: 0.3542 - Acc: 0.8958 - AUC: 0.5255 - Val Loss: 0.3302 - Val Acc: 0.9000 - Val AUC: 0.5025 - LR: 0.000800
2025-04-08 10:18:29,026 - INFO - [on_epoch_end] - Época 12/250 - Loss: 0.3521 - Acc: 0.8964 - AUC: 0.5259 - Val Loss: 0.3302 - Val Acc: 0.9000 - Val AUC: 0.5025 - LR: 0.000800
2025-04-08 10:18:30,879 - INFO - [on_epoch_end] - Época 13/250 - Loss: 0.3491 - Acc: 0.8980 - AUC: 0.5275 - Val Loss: 0.3302 - Val Acc: 0.9000 - Val AUC: 0.5028 - LR: 0.000800
2025-04-08 10:18:32,681 - INFO - [on_epoch_end] - Época 14/250 - Loss: 0.3479 - Acc: 0.8984 - AUC: 0.5288 - Val Loss: 0.3301 - Val Acc: 0.9000 - Val AUC: 0.5047 - LR: 0.000800
2025-04-08 10:18:34,466 - INFO - [on_epoch_end] - Época 15/250 - Loss: 0.3458 - Acc: 0.8988 - AUC: 0.5304 - Val Loss: 0.3298 - Val Acc: 0.9000 - Val AUC: 0.5034 - LR: 0.000800
2025-04-08 10:18:36,308 - INFO - [on_epoch_end] - Época 16/250 - Loss: 0.3447 - Acc: 0.8986 - AUC: 0.5321 - Val Loss: 0.3302 - Val Acc: 0.9000 - Val AUC: 0.5024 - LR: 0.000800
2025-04-08 10:18:38,097 - INFO - [on_epoch_end] - Época 17/250 - Loss: 0.3428 - Acc: 0.8992 - AUC: 0.5378 - Val Loss: 0.3301 - Val Acc: 0.9000 - Val AUC: 0.5008 - LR: 0.000800
2025-04-08 10:18:39,903 - INFO - [on_epoch_end] - Época 18/250 - Loss: 0.3421 - Acc: 0.8992 - AUC: 0.5366 - Val Loss: 0.3295 - Val Acc: 0.9000 - Val AUC: 0.5016 - LR: 0.000800
2025-04-08 10:18:41,725 - INFO - [on_epoch_end] - Época 19/250 - Loss: 0.3411 - Acc: 0.8992 - AUC: 0.5381 - Val Loss: 0.3298 - Val Acc: 0.9000 - Val AUC: 0.5008 - LR: 0.000800
2025-04-08 10:18:43,540 - INFO - [on_epoch_end] - Época 20/250 - Loss: 0.3388 - Acc: 0.8994 - AUC: 0.5434 - Val Loss: 0.3296 - Val Acc: 0.9000 - Val AUC: 0.4999 - LR: 0.000800
2025-04-08 10:18:45,359 - INFO - [on_epoch_end] - Época 21/250 - Loss: 0.3374 - Acc: 0.8997 - AUC: 0.5440 - Val Loss: 0.3294 - Val Acc: 0.9000 - Val AUC: 0.5027 - LR: 0.000800
2025-04-08 10:18:47,190 - INFO - [on_epoch_end] - Época 22/250 - Loss: 0.3377 - Acc: 0.8996 - AUC: 0.5424 - Val Loss: 0.3293 - Val Acc: 0.9000 - Val AUC: 0.5015 - LR: 0.000800
2025-04-08 10:18:49,004 - INFO - [on_epoch_end] - Época 23/250 - Loss: 0.3357 - Acc: 0.8994 - AUC: 0.5478 - Val Loss: 0.3296 - Val Acc: 0.9000 - Val AUC: 0.5003 - LR: 0.000800
2025-04-08 10:18:50,828 - INFO - [on_epoch_end] - Época 24/250 - Loss: 0.3351 - Acc: 0.8997 - AUC: 0.5486 - Val Loss: 0.3297 - Val Acc: 0.9000 - Val AUC: 0.5005 - LR: 0.000800
2025-04-08 10:18:52,645 - INFO - [on_epoch_end] - Época 25/250 - Loss: 0.3345 - Acc: 0.8997 - AUC: 0.5497 - Val Loss: 0.3297 - Val Acc: 0.9000 - Val AUC: 0.4999 - LR: 0.000800
2025-04-08 10:18:54,474 - INFO - [on_epoch_end] - Época 26/250 - Loss: 0.3341 - Acc: 0.8997 - AUC: 0.5494 - Val Loss: 0.3293 - Val Acc: 0.9000 - Val AUC: 0.5004 - LR: 0.000800
2025-04-08 10:18:56,271 - INFO - [on_epoch_end] - Época 27/250 - Loss: 0.3329 - Acc: 0.9000 - AUC: 0.5504 - Val Loss: 0.3295 - Val Acc: 0.9000 - Val AUC: 0.4988 - LR: 0.000800
2025-04-08 10:18:58,138 - INFO - [on_epoch_end] - Época 28/250 - Loss: 0.3323 - Acc: 0.8999 - AUC: 0.5537 - Val Loss: 0.3296 - Val Acc: 0.9000 - Val AUC: 0.4980 - LR: 0.000800
2025-04-08 10:18:59,925 - INFO - [on_epoch_end] - Época 29/250 - Loss: 0.3325 - Acc: 0.8999 - AUC: 0.5521 - Val Loss: 0.3294 - Val Acc: 0.9000 - Val AUC: 0.4982 - LR: 0.000800
2025-04-08 10:19:01,737 - INFO - [on_epoch_end] - Época 30/250 - Loss: 0.3311 - Acc: 0.9000 - AUC: 0.5567 - Val Loss: 0.3293 - Val Acc: 0.9000 - Val AUC: 0.4992 - LR: 0.000800
2025-04-08 10:19:03,579 - INFO - [on_epoch_end] - Época 31/250 - Loss: 0.3308 - Acc: 0.8998 - AUC: 0.5559 - Val Loss: 0.3292 - Val Acc: 0.9000 - Val AUC: 0.4982 - LR: 0.000800
2025-04-08 10:19:05,362 - INFO - [on_epoch_end] - Época 32/250 - Loss: 0.3298 - Acc: 0.9000 - AUC: 0.5610 - Val Loss: 0.3294 - Val Acc: 0.9000 - Val AUC: 0.4987 - LR: 0.000800
2025-04-08 10:19:07,207 - INFO - [on_epoch_end] - Época 33/250 - Loss: 0.3290 - Acc: 0.9000 - AUC: 0.5634 - Val Loss: 0.3293 - Val Acc: 0.9000 - Val AUC: 0.5006 - LR: 0.000800
2025-04-08 10:19:08,997 - INFO - [on_epoch_end] - Época 34/250 - Loss: 0.3293 - Acc: 0.9000 - AUC: 0.5615 - Val Loss: 0.3291 - Val Acc: 0.9000 - Val AUC: 0.5010 - LR: 0.000800
2025-04-08 10:19:10,783 - INFO - [on_epoch_end] - Época 35/250 - Loss: 0.3287 - Acc: 0.8999 - AUC: 0.5643 - Val Loss: 0.3290 - Val Acc: 0.9000 - Val AUC: 0.5019 - LR: 0.000800
2025-04-08 10:19:12,630 - INFO - [on_epoch_end] - Época 36/250 - Loss: 0.3284 - Acc: 0.9000 - AUC: 0.5662 - Val Loss: 0.3290 - Val Acc: 0.9000 - Val AUC: 0.5027 - LR: 0.000800
2025-04-08 10:19:14,436 - INFO - [on_epoch_end] - Época 37/250 - Loss: 0.3274 - Acc: 0.8999 - AUC: 0.5689 - Val Loss: 0.3291 - Val Acc: 0.9000 - Val AUC: 0.5018 - LR: 0.000800
2025-04-08 10:19:16,293 - INFO - [on_epoch_end] - Época 38/250 - Loss: 0.3274 - Acc: 0.9000 - AUC: 0.5710 - Val Loss: 0.3291 - Val Acc: 0.9000 - Val AUC: 0.5012 - LR: 0.000800
2025-04-08 10:19:18,120 - INFO - [on_epoch_end] - Época 39/250 - Loss: 0.3270 - Acc: 0.9000 - AUC: 0.5714 - Val Loss: 0.3291 - Val Acc: 0.9000 - Val AUC: 0.5015 - LR: 0.000800
2025-04-08 10:19:19,929 - INFO - [on_epoch_end] - Época 40/250 - Loss: 0.3263 - Acc: 0.9000 - AUC: 0.5731 - Val Loss: 0.3290 - Val Acc: 0.9000 - Val AUC: 0.5021 - LR: 0.000800
2025-04-08 10:19:21,736 - INFO - [on_epoch_end] - Época 41/250 - Loss: 0.3254 - Acc: 0.9000 - AUC: 0.5777 - Val Loss: 0.3291 - Val Acc: 0.9000 - Val AUC: 0.5025 - LR: 0.000800
2025-04-08 10:19:23,565 - INFO - [on_epoch_end] - Época 42/250 - Loss: 0.3258 - Acc: 0.9000 - AUC: 0.5767 - Val Loss: 0.3292 - Val Acc: 0.9000 - Val AUC: 0.5028 - LR: 0.000800
2025-04-08 10:19:25,367 - INFO - [on_epoch_end] - Época 43/250 - Loss: 0.3245 - Acc: 0.9000 - AUC: 0.5818 - Val Loss: 0.3292 - Val Acc: 0.9000 - Val AUC: 0.5028 - LR: 0.000800
2025-04-08 10:19:27,163 - INFO - [on_epoch_end] - Época 44/250 - Loss: 0.3242 - Acc: 0.9000 - AUC: 0.5827 - Val Loss: 0.3293 - Val Acc: 0.9000 - Val AUC: 0.5012 - LR: 0.000200
2025-04-08 10:19:29,003 - INFO - [on_epoch_end] - Época 45/250 - Loss: 0.3241 - Acc: 0.9000 - AUC: 0.5854 - Val Loss: 0.3293 - Val Acc: 0.9000 - Val AUC: 0.5027 - LR: 0.000200
2025-04-08 10:19:30,839 - INFO - [on_epoch_end] - Época 46/250 - Loss: 0.3241 - Acc: 0.9000 - AUC: 0.5861 - Val Loss: 0.3293 - Val Acc: 0.9000 - Val AUC: 0.5015 - LR: 0.000200
2025-04-08 10:19:32,784 - INFO - [on_epoch_end] - Época 47/250 - Loss: 0.3236 - Acc: 0.9000 - AUC: 0.5877 - Val Loss: 0.3293 - Val Acc: 0.9000 - Val AUC: 0.5008 - LR: 0.000200
2025-04-08 10:19:34,758 - INFO - [on_epoch_end] - Época 48/250 - Loss: 0.3237 - Acc: 0.9000 - AUC: 0.5857 - Val Loss: 0.3293 - Val Acc: 0.9000 - Val AUC: 0.5006 - LR: 0.000200
2025-04-08 10:19:36,871 - INFO - [on_epoch_end] - Época 49/250 - Loss: 0.3232 - Acc: 0.9000 - AUC: 0.5891 - Val Loss: 0.3294 - Val Acc: 0.9000 - Val AUC: 0.5014 - LR: 0.000200
2025-04-08 10:19:39,175 - INFO - [on_epoch_end] - Época 50/250 - Loss: 0.3235 - Acc: 0.9000 - AUC: 0.5883 - Val Loss: 0.3293 - Val Acc: 0.9000 - Val AUC: 0.5014 - LR: 0.000200
2025-04-08 10:19:41,157 - INFO - [on_epoch_end] - Época 51/250 - Loss: 0.3228 - Acc: 0.9000 - AUC: 0.5901 - Val Loss: 0.3293 - Val Acc: 0.9000 - Val AUC: 0.5021 - LR: 0.000200
2025-04-08 10:19:43,183 - INFO - [on_epoch_end] - Época 52/250 - Loss: 0.3233 - Acc: 0.9000 - AUC: 0.5880 - Val Loss: 0.3293 - Val Acc: 0.9000 - Val AUC: 0.5016 - LR: 0.000200
2025-04-08 10:19:45,318 - INFO - [on_epoch_end] - Época 53/250 - Loss: 0.3234 - Acc: 0.9000 - AUC: 0.5880 - Val Loss: 0.3293 - Val Acc: 0.9000 - Val AUC: 0.5011 - LR: 0.000200
2025-04-08 10:19:47,452 - INFO - [on_epoch_end] - Época 54/250 - Loss: 0.3230 - Acc: 0.9000 - AUC: 0.5906 - Val Loss: 0.3293 - Val Acc: 0.9000 - Val AUC: 0.5009 - LR: 0.000050
2025-04-08 10:19:49,599 - INFO - [on_epoch_end] - Época 55/250 - Loss: 0.3232 - Acc: 0.9000 - AUC: 0.5886 - Val Loss: 0.3293 - Val Acc: 0.9000 - Val AUC: 0.5005 - LR: 0.000050
2025-04-08 10:19:51,708 - INFO - [on_epoch_end] - Época 56/250 - Loss: 0.3233 - Acc: 0.9000 - AUC: 0.5886 - Val Loss: 0.3294 - Val Acc: 0.9000 - Val AUC: 0.5001 - LR: 0.000050
2025-04-08 10:19:53,602 - INFO - [on_epoch_end] - Época 57/250 - Loss: 0.3230 - Acc: 0.9000 - AUC: 0.5895 - Val Loss: 0.3294 - Val Acc: 0.9000 - Val AUC: 0.5004 - LR: 0.000050
2025-04-08 10:19:55,542 - INFO - [on_epoch_end] - Época 58/250 - Loss: 0.3231 - Acc: 0.9000 - AUC: 0.5899 - Val Loss: 0.3294 - Val Acc: 0.9000 - Val AUC: 0.5005 - LR: 0.000050
2025-04-08 10:19:57,483 - INFO - [on_epoch_end] - Época 59/250 - Loss: 0.3228 - Acc: 0.9000 - AUC: 0.5916 - Val Loss: 0.3294 - Val Acc: 0.9000 - Val AUC: 0.5006 - LR: 0.000050
2025-04-08 10:19:59,460 - INFO - [on_epoch_end] - Época 60/250 - Loss: 0.3224 - Acc: 0.9000 - AUC: 0.5923 - Val Loss: 0.3294 - Val Acc: 0.9000 - Val AUC: 0.5003 - LR: 0.000050
2025-04-08 10:20:01,486 - INFO - [on_epoch_end] - Época 61/250 - Loss: 0.3227 - Acc: 0.9000 - AUC: 0.5914 - Val Loss: 0.3294 - Val Acc: 0.9000 - Val AUC: 0.5004 - LR: 0.000050
2025-04-08 10:20:01,520 - INFO - [train_model] - Treinamento concluído.
2025-04-08 10:20:01,521 - INFO - [main] - Etapa 7: Avaliação Modelo...
2025-04-08 10:20:01,522 - INFO - [evaluate_model] - Avaliando o modelo final no conjunto de teste...
2025-04-08 10:20:01,522 - INFO - [evaluate_model] - Calculando métricas básicas (Loss, Accuracy, AUC)...
2025-04-08 10:20:01,738 - INFO - [evaluate_model] - Calculando acertos reais (Top 6)...
2025-04-08 10:20:01,739 - INFO - [evaluate_real_hits] - Avaliando acertos reais nas previsões (Top 6)...
2025-04-08 10:20:02,397 - INFO - [evaluate_real_hits] - ------------------------------------------------------------
2025-04-08 10:20:02,398 - INFO - [evaluate_real_hits] - ANÁLISE DE ACERTOS REAIS (TOP 6 PREVISTOS vs SORTEADOS)
2025-04-08 10:20:02,398 - INFO - [evaluate_real_hits] - Total de sorteios no teste: 408
2025-04-08 10:20:02,398 - INFO - [evaluate_real_hits] - Média acertos: 0.623, Máximo acertos: 3
2025-04-08 10:20:02,398 - INFO - [evaluate_real_hits] - Distribuição:
2025-04-08 10:20:02,399 - INFO - [evaluate_real_hits] -   0 acerto(s): 205 (50.2%)
2025-04-08 10:20:02,399 - INFO - [evaluate_real_hits] -   1 acerto(s): 154 (37.7%)
2025-04-08 10:20:02,399 - INFO - [evaluate_real_hits] -   2 acerto(s): 47 (11.5%)
2025-04-08 10:20:02,399 - INFO - [evaluate_real_hits] -   3 acerto(s): 2 (0.5%)
2025-04-08 10:20:02,400 - INFO - [evaluate_real_hits] - Exemplo últimos 5 sorteios teste:
2025-04-08 10:20:02,400 - INFO - [evaluate_real_hits] -   Idx 403: Prev[8, 17, 31, 41, 52, 58] Real[10, 31, 40, 52, 54, 56] -> Hits [31, 52] (2)
2025-04-08 10:20:02,400 - INFO - [evaluate_real_hits] -   Idx 404: Prev[8, 17, 31, 41, 52, 58] Real[1, 12, 16, 17, 25, 57] -> Hits [17] (1)
2025-04-08 10:20:02,401 - INFO - [evaluate_real_hits] -   Idx 405: Prev[8, 17, 31, 49, 52, 58] Real[3, 5, 22, 35, 53, 56] -> Hits [] (0)
2025-04-08 10:20:02,401 - INFO - [evaluate_real_hits] -   Idx 406: Prev[8, 17, 31, 49, 52, 58] Real[5, 14, 19, 29, 30, 54] -> Hits [] (0)
2025-04-08 10:20:02,401 - INFO - [evaluate_real_hits] -   Idx 407: Prev[8, 17, 31, 41, 45, 58] Real[13, 19, 25, 29, 31, 43] -> Hits [31] (1)
2025-04-08 10:20:02,402 - INFO - [evaluate_real_hits] - ------------------------------------------------------------
AVISO: Acertos passados NÃO garantem acertos futuros.
------------------------------------------------------------
2025-04-08 10:20:02,402 - INFO - [evaluate_model] - ------------------------------------------------------------
Resultados da Avaliação no Conjunto de Teste
------------------------------------------------------------
2025-04-08 10:20:02,402 - INFO - [evaluate_model] - Métricas Padrão:
2025-04-08 10:20:02,402 - INFO - [evaluate_model] -   - loss: 0.3285
2025-04-08 10:20:02,402 - INFO - [evaluate_model] -   - compile_metrics: 0.9000
2025-04-08 10:20:02,403 - INFO - [evaluate_model] - 
Estatísticas de Acertos Reais (Top 6):
2025-04-08 10:20:02,403 - INFO - [evaluate_model] -   - Média acertos: 0.623, Máx acertos: 3
2025-04-08 10:20:02,403 - INFO - [evaluate_model] -   Distribuição:
2025-04-08 10:20:02,403 - INFO - [evaluate_model] -     * 0 acerto(s): 205 (50.2%)
2025-04-08 10:20:02,403 - INFO - [evaluate_model] -     * 1 acerto(s): 154 (37.7%)
2025-04-08 10:20:02,404 - INFO - [evaluate_model] -     * 2 acerto(s): 47 (11.5%)
2025-04-08 10:20:02,404 - INFO - [evaluate_model] -     * 3 acerto(s): 2 (0.5%)
2025-04-08 10:20:02,404 - INFO - [evaluate_model] - ------------------------------------------------------------
Lembrete: Métricas refletem desempenho no passado.
------------------------------------------------------------
2025-04-08 10:20:02,404 - INFO - [main] - Etapa 8: Previsão Próximo Sorteio...
2025-04-08 10:20:02,404 - INFO - [predict_next_draw] - Preparando sequência final e fazendo previsão para o PRÓXIMO sorteio...
2025-04-08 10:20:02,405 - INFO - [predict_next_draw] - Shape da sequência final para previsão: (1, 20, 307)
2025-04-08 10:20:02,482 - INFO - [predict_next_draw] - --------------------------------------------------
2025-04-08 10:20:02,482 - INFO - [predict_next_draw] - Previsão dos 6 números mais prováveis: [8, 17, 41, 45, 49, 53]
2025-04-08 10:20:02,482 - INFO - [predict_next_draw] - Confiança Média: 0.1215, Máx: 0.1343, Mín: 0.1116
2025-04-08 10:20:02,483 - INFO - [predict_next_draw] - Probabilidades individuais (previstos):
2025-04-08 10:20:02,483 - INFO - [predict_next_draw] -   - Número 8: 0.1343
2025-04-08 10:20:02,483 - INFO - [predict_next_draw] -   - Número 45: 0.1308
2025-04-08 10:20:02,483 - INFO - [predict_next_draw] -   - Número 17: 0.1225
2025-04-08 10:20:02,483 - INFO - [predict_next_draw] -   - Número 53: 0.1179
2025-04-08 10:20:02,483 - INFO - [predict_next_draw] -   - Número 49: 0.1117
2025-04-08 10:20:02,484 - INFO - [predict_next_draw] -   - Número 41: 0.1116
2025-04-08 10:20:02,484 - INFO - [predict_next_draw] - --------------------------------------------------
AVISO CRÍTICO: Previsão experimental. NÃO HÁ GARANTIA DE ACERTO.
--------------------------------------------------
2025-04-08 10:20:02,484 - INFO - [main] - Etapa 9: Visualizações...
2025-04-08 10:20:02,484 - INFO - [plot_training_history] - Gerando gráficos do histórico de treinamento em output\training_history_v3.png...
2025-04-08 10:20:04,346 - INFO - [plot_training_history] - Gráficos salvos em 'output\training_history_v3.png'
2025-04-08 10:20:04,395 - INFO - [plot_prediction_analysis] - Gerando análise visual das previsões em output\prediction_analysis_v3.png...
2025-04-08 10:20:05,189 - INFO - [plot_prediction_analysis] - Análise visual salva em 'output\prediction_analysis_v3.png'
2025-04-08 10:20:05,198 - INFO - [plot_hits_over_time] - Gerando gráfico de acertos ao longo do tempo no teste em output\hits_over_time_v3.png...
2025-04-08 10:20:05,199 - INFO - [plot_hits_over_time] - Calculando acertos no teste para plotagem...
2025-04-08 10:20:05,681 - INFO - [plot_hits_over_time] - Gráfico de acertos salvo em 'output\hits_over_time_v3.png'
2025-04-08 10:20:05,692 - INFO - [main] - Etapa 10: Exportação Resultados...
2025-04-08 10:20:05,692 - INFO - [export_results] - Exportando resultados para Excel (output\output/historico_e_previsoes_megasena_v3.xlsx)...
2025-04-08 10:20:05,701 - INFO - [export_results] - Escrevendo abas no Excel...
2025-04-08 10:20:06,837 - INFO - [export_results] - Resultados exportados para 'output\output/historico_e_previsoes_megasena_v3.xlsx'
2025-04-08 10:20:06,838 - INFO - [main] - ------------------------------------------------------------
Processo V3 concluído com sucesso em: 0:02:07.013088
------------------------------------------------------------
2025-04-08 10:20:06,838 - INFO - [main] - Log: output\mega_sena_v3.log | Excel: output\output/historico_e_previsoes_megasena_v3.xlsx
2025-04-08 10:20:06,839 - INFO - [main] - Gráficos: output\training_history_v3.png, output\prediction_analysis_v3.png, output\hits_over_time_v3.png
2025-04-08 10:20:06,839 - INFO - [main] - Logs TensorBoard: output\output/logs/fit/ (use 'tensorboard --logdir output\output/logs/fit/' para visualizar)
2025-04-08 10:20:06,840 - INFO - [main] - ------------------------------------------------------------
Lembre-se: Resultados experimentais. Jogue com responsabilidade.
------------------------------------------------------------
